#! /opt/homebrew/Cellar/icarus-verilog/12.0/bin/vvp
:ivl_version "12.0 (stable)";
:ivl_delay_selection "TYPICAL";
:vpi_time_precision - 12;
:vpi_module "/opt/homebrew/Cellar/icarus-verilog/12.0/lib/ivl/system.vpi";
:vpi_module "/opt/homebrew/Cellar/icarus-verilog/12.0/lib/ivl/vhdl_sys.vpi";
:vpi_module "/opt/homebrew/Cellar/icarus-verilog/12.0/lib/ivl/vhdl_textio.vpi";
:vpi_module "/opt/homebrew/Cellar/icarus-verilog/12.0/lib/ivl/v2005_math.vpi";
:vpi_module "/opt/homebrew/Cellar/icarus-verilog/12.0/lib/ivl/va_math.vpi";
:vpi_module "/opt/homebrew/Cellar/icarus-verilog/12.0/lib/ivl/v2009.vpi";
S_0x102576270 .scope package, "$unit" "$unit" 2 1;
 .timescale 0 0;
S_0x102570940 .scope module, "bcd_TB" "bcd_TB" 3 3;
 .timescale -9 -12;
v0x10257c660_0 .net "bcd_salida", 19 0, v0x10257bc20_0;  1 drivers
v0x10257c700_0 .var "binario", 15 0;
v0x828c1c000_0 .var "clk", 0 0;
v0x828c1c0a0_0 .var "iniciar", 0 0;
v0x828c1c140_0 .var "rst_n", 0 0;
v0x828c1c1e0_0 .net "terminado", 0 0, v0x10257c5c0_0;  1 drivers
E_0x829064700 .event anyedge, v0x10257c5c0_0;
S_0x102570ac0 .scope module, "uut" "bcd" 3 9, 4 1 0, S_0x102570940;
 .timescale 0 0;
    .port_info 0 /INPUT 1 "clk";
    .port_info 1 /INPUT 1 "rst_n";
    .port_info 2 /INPUT 1 "iniciar";
    .port_info 3 /INPUT 16 "binario";
    .port_info 4 /OUTPUT 20 "bcd_salida";
    .port_info 5 /OUTPUT 1 "terminado";
v0x10257bc20_0 .var "bcd_salida", 19 0;
v0x10257bcc0_0 .net "binario", 15 0, v0x10257c700_0;  1 drivers
v0x10257c200_0 .net "clk", 0 0, v0x828c1c000_0;  1 drivers
v0x10257c2a0_0 .var "contador", 4 0;
v0x10257c340_0 .net "iniciar", 0 0, v0x828c1c0a0_0;  1 drivers
v0x10257c3e0_0 .var "ocupado", 0 0;
v0x10257c480_0 .var "registro", 35 0;
v0x10257c520_0 .net "rst_n", 0 0, v0x828c1c140_0;  1 drivers
v0x10257c5c0_0 .var "terminado", 0 0;
E_0x829064740 .event posedge, v0x10257c200_0;
S_0x10257ba00 .scope begin, "$unm_blk_1" "$unm_blk_1" 4 13, 4 13 0, S_0x102570ac0;
 .timescale 0 0;
v0x10257bb80_0 .var "temp", 35 0;
    .scope S_0x102570ac0;
T_0 ;
    %wait E_0x829064740;
    %fork t_1, S_0x10257ba00;
    %jmp t_0;
    .scope S_0x10257ba00;
t_1 ;
    %load/vec4 v0x10257c520_0;
    %nor/r;
    %flag_set/vec4 8;
    %jmp/0xz  T_0.0, 8;
    %pushi/vec4 0, 0, 1;
    %assign/vec4 v0x10257c5c0_0, 0;
    %pushi/vec4 0, 0, 1;
    %assign/vec4 v0x10257c3e0_0, 0;
    %pushi/vec4 0, 0, 5;
    %assign/vec4 v0x10257c2a0_0, 0;
    %pushi/vec4 0, 0, 36;
    %assign/vec4 v0x10257c480_0, 0;
    %pushi/vec4 0, 0, 20;
    %assign/vec4 v0x10257bc20_0, 0;
    %jmp T_0.1;
T_0.0 ;
    %load/vec4 v0x10257c340_0;
    %flag_set/vec4 9;
    %flag_get/vec4 9;
    %jmp/0 T_0.4, 9;
    %load/vec4 v0x10257c3e0_0;
    %nor/r;
    %and;
T_0.4;
    %flag_set/vec4 8;
    %jmp/0xz  T_0.2, 8;
    %pushi/vec4 0, 0, 20;
    %load/vec4 v0x10257bcc0_0;
    %concat/vec4; draw_concat_vec4
    %assign/vec4 v0x10257c480_0, 0;
    %pushi/vec4 0, 0, 5;
    %assign/vec4 v0x10257c2a0_0, 0;
    %pushi/vec4 1, 0, 1;
    %assign/vec4 v0x10257c3e0_0, 0;
    %pushi/vec4 0, 0, 1;
    %assign/vec4 v0x10257c5c0_0, 0;
    %jmp T_0.3;
T_0.2 ;
    %load/vec4 v0x10257c3e0_0;
    %flag_set/vec4 8;
    %jmp/0xz  T_0.5, 8;
    %load/vec4 v0x10257c2a0_0;
    %pad/u 32;
    %cmpi/e 16, 0, 32;
    %jmp/0xz  T_0.7, 4;
    %load/vec4 v0x10257c480_0;
    %parti/s 20, 16, 6;
    %assign/vec4 v0x10257bc20_0, 0;
    %pushi/vec4 1, 0, 1;
    %assign/vec4 v0x10257c5c0_0, 0;
    %pushi/vec4 0, 0, 1;
    %assign/vec4 v0x10257c3e0_0, 0;
    %jmp T_0.8;
T_0.7 ;
    %load/vec4 v0x10257c480_0;
    %store/vec4 v0x10257bb80_0, 0, 36;
    %load/vec4 v0x10257bb80_0;
    %parti/s 4, 16, 6;
    %pad/u 32;
    %cmpi/u 5, 0, 32;
    %flag_inv 5; GE is !LT
    %jmp/0xz  T_0.9, 5;
    ; show_stmt_assign_vector: Get l-value for compressed += operand
    %load/vec4 v0x10257bb80_0;
    %pushi/vec4 16, 0, 32;
    %part/u 4;
    %pushi/vec4 3, 0, 4;
    %add;
    %ix/load 4, 16, 0;
    %flag_set/imm 4, 0;
    %store/vec4 v0x10257bb80_0, 4, 4;
T_0.9 ;
    %load/vec4 v0x10257bb80_0;
    %parti/s 4, 20, 6;
    %pad/u 32;
    %cmpi/u 5, 0, 32;
    %flag_inv 5; GE is !LT
    %jmp/0xz  T_0.11, 5;
    ; show_stmt_assign_vector: Get l-value for compressed += operand
    %load/vec4 v0x10257bb80_0;
    %pushi/vec4 20, 0, 32;
    %part/u 4;
    %pushi/vec4 3, 0, 4;
    %add;
    %ix/load 4, 20, 0;
    %flag_set/imm 4, 0;
    %store/vec4 v0x10257bb80_0, 4, 4;
T_0.11 ;
    %load/vec4 v0x10257bb80_0;
    %parti/s 4, 24, 6;
    %pad/u 32;
    %cmpi/u 5, 0, 32;
    %flag_inv 5; GE is !LT
    %jmp/0xz  T_0.13, 5;
    ; show_stmt_assign_vector: Get l-value for compressed += operand
    %load/vec4 v0x10257bb80_0;
    %pushi/vec4 24, 0, 32;
    %part/u 4;
    %pushi/vec4 3, 0, 4;
    %add;
    %ix/load 4, 24, 0;
    %flag_set/imm 4, 0;
    %store/vec4 v0x10257bb80_0, 4, 4;
T_0.13 ;
    %load/vec4 v0x10257bb80_0;
    %parti/s 4, 28, 6;
    %pad/u 32;
    %cmpi/u 5, 0, 32;
    %flag_inv 5; GE is !LT
    %jmp/0xz  T_0.15, 5;
    ; show_stmt_assign_vector: Get l-value for compressed += operand
    %load/vec4 v0x10257bb80_0;
    %pushi/vec4 28, 0, 32;
    %part/u 4;
    %pushi/vec4 3, 0, 4;
    %add;
    %ix/load 4, 28, 0;
    %flag_set/imm 4, 0;
    %store/vec4 v0x10257bb80_0, 4, 4;
T_0.15 ;
    %load/vec4 v0x10257bb80_0;
    %parti/s 4, 32, 7;
    %pad/u 32;
    %cmpi/u 5, 0, 32;
    %flag_inv 5; GE is !LT
    %jmp/0xz  T_0.17, 5;
    ; show_stmt_assign_vector: Get l-value for compressed += operand
    %load/vec4 v0x10257bb80_0;
    %pushi/vec4 32, 0, 32;
    %part/u 4;
    %pushi/vec4 3, 0, 4;
    %add;
    %ix/load 4, 32, 0;
    %flag_set/imm 4, 0;
    %store/vec4 v0x10257bb80_0, 4, 4;
T_0.17 ;
    %load/vec4 v0x10257bb80_0;
    %ix/load 4, 1, 0;
    %flag_set/imm 4, 0;
    %shiftl 4;
    %assign/vec4 v0x10257c480_0, 0;
    %load/vec4 v0x10257c2a0_0;
    %addi 1, 0, 5;
    %assign/vec4 v0x10257c2a0_0, 0;
T_0.8 ;
T_0.5 ;
T_0.3 ;
T_0.1 ;
    %end;
    .scope S_0x102570ac0;
t_0 %join;
    %jmp T_0;
    .thread T_0;
    .scope S_0x102570940;
T_1 ;
    %delay 20000, 0;
    %load/vec4 v0x828c1c000_0;
    %inv;
    %store/vec4 v0x828c1c000_0, 0, 1;
    %jmp T_1;
    .thread T_1;
    .scope S_0x102570940;
T_2 ;
    %vpi_call/w 3 17 "$dumpfile", "build/bcd.vcd" {0 0 0};
    %vpi_call/w 3 18 "$dumpvars", 32'sb00000000000000000000000000000000, S_0x102570940 {0 0 0};
    %pushi/vec4 0, 0, 1;
    %store/vec4 v0x828c1c000_0, 0, 1;
    %pushi/vec4 0, 0, 1;
    %store/vec4 v0x828c1c140_0, 0, 1;
    %pushi/vec4 0, 0, 1;
    %store/vec4 v0x828c1c0a0_0, 0, 1;
    %delay 100000, 0;
    %pushi/vec4 1, 0, 1;
    %store/vec4 v0x828c1c140_0, 0, 1;
    %delay 40000, 0;
    %pushi/vec4 255, 0, 16;
    %store/vec4 v0x10257c700_0, 0, 16;
    %pushi/vec4 1, 0, 1;
    %store/vec4 v0x828c1c0a0_0, 0, 1;
    %delay 40000, 0;
    %pushi/vec4 0, 0, 1;
    %store/vec4 v0x828c1c0a0_0, 0, 1;
T_2.0 ;
    %load/vec4 v0x828c1c1e0_0;
    %cmpi/ne 1, 0, 1;
    %jmp/0xz T_2.1, 6;
    %wait E_0x829064700;
    %jmp T_2.0;
T_2.1 ;
    %delay 20000, 0;
    %load/vec4 v0x10257c660_0;
    %parti/s 12, 0, 2;
    %cmpi/e 597, 0, 12;
    %jmp/0xz  T_2.2, 4;
    %vpi_call/w 3 29 "$display", "BCD(255) PAS\303\223: %x", v0x10257c660_0 {0 0 0};
    %jmp T_2.3;
T_2.2 ;
    %vpi_call/w 3 30 "$error", "FALL\303\223 BCD(255). Obtenido: %x", v0x10257c660_0 {0 0 0};
T_2.3 ;
    %vpi_call/w 3 32 "$finish" {0 0 0};
    %end;
    .thread T_2;
# The file index is used to find the file name in the following table.
:file_names 5;
    "N/A";
    "<interactive>";
    "-";
    "TestBench/bcd_TB.sv";
    "src/bcd.sv";
