#! /opt/homebrew/Cellar/icarus-verilog/12.0/bin/vvp
:ivl_version "12.0 (stable)";
:ivl_delay_selection "TYPICAL";
:vpi_time_precision - 12;
:vpi_module "/opt/homebrew/Cellar/icarus-verilog/12.0/lib/ivl/system.vpi";
:vpi_module "/opt/homebrew/Cellar/icarus-verilog/12.0/lib/ivl/vhdl_sys.vpi";
:vpi_module "/opt/homebrew/Cellar/icarus-verilog/12.0/lib/ivl/vhdl_textio.vpi";
:vpi_module "/opt/homebrew/Cellar/icarus-verilog/12.0/lib/ivl/v2005_math.vpi";
:vpi_module "/opt/homebrew/Cellar/icarus-verilog/12.0/lib/ivl/va_math.vpi";
:vpi_module "/opt/homebrew/Cellar/icarus-verilog/12.0/lib/ivl/v2009.vpi";
S_0x1055c5b70 .scope package, "$unit" "$unit" 2 1;
 .timescale 0 0;
S_0x1055c5cf0 .scope module, "multiplicador_TB" "multiplicador_TB" 3 3;
 .timescale -9 -12;
v0x1055cc4e0_0 .var "clk", 0 0;
v0x1055cc580_0 .var "iniciar", 0 0;
v0x986c1c000_0 .var "operando_a", 15 0;
v0x986c1c0a0_0 .var "operando_b", 15 0;
v0x986c1c140_0 .net "producto", 31 0, v0x1055cc300_0;  1 drivers
v0x986c1c1e0_0 .var "rst_n", 0 0;
v0x986c1c280_0 .net "terminado", 0 0, v0x1055cc440_0;  1 drivers
E_0x987070840 .event anyedge, v0x1055cc440_0;
S_0x1055c0940 .scope module, "uut" "multiplicador" 3 14, 4 1 0, S_0x1055c5cf0;
 .timescale 0 0;
    .port_info 0 /INPUT 1 "clk";
    .port_info 1 /INPUT 1 "rst_n";
    .port_info 2 /INPUT 1 "iniciar";
    .port_info 3 /INPUT 16 "operando_a";
    .port_info 4 /INPUT 16 "operando_b";
    .port_info 5 /OUTPUT 32 "producto";
    .port_info 6 /OUTPUT 1 "terminado";
v0x1055c0b80_0 .var "b_temp", 15 0;
v0x1055cbf40_0 .net "clk", 0 0, v0x1055cc4e0_0;  1 drivers
v0x1055cbfe0_0 .var "contador", 4 0;
v0x1055cc080_0 .net "iniciar", 0 0, v0x1055cc580_0;  1 drivers
v0x1055cc120_0 .var "ocupado", 0 0;
v0x1055cc1c0_0 .net "operando_a", 15 0, v0x986c1c000_0;  1 drivers
v0x1055cc260_0 .net "operando_b", 15 0, v0x986c1c0a0_0;  1 drivers
v0x1055cc300_0 .var "producto", 31 0;
v0x1055cc3a0_0 .net "rst_n", 0 0, v0x986c1c1e0_0;  1 drivers
v0x1055cc440_0 .var "terminado", 0 0;
E_0x987070880 .event posedge, v0x1055cbf40_0;
    .scope S_0x1055c0940;
T_0 ;
    %wait E_0x987070880;
    %load/vec4 v0x1055cc3a0_0;
    %nor/r;
    %flag_set/vec4 8;
    %jmp/0xz  T_0.0, 8;
    %pushi/vec4 0, 0, 1;
    %assign/vec4 v0x1055cc440_0, 0;
    %pushi/vec4 0, 0, 1;
    %assign/vec4 v0x1055cc120_0, 0;
    %pushi/vec4 0, 0, 32;
    %assign/vec4 v0x1055cc300_0, 0;
    %pushi/vec4 0, 0, 16;
    %assign/vec4 v0x1055c0b80_0, 0;
    %pushi/vec4 0, 0, 5;
    %assign/vec4 v0x1055cbfe0_0, 0;
    %jmp T_0.1;
T_0.0 ;
    %load/vec4 v0x1055cc080_0;
    %flag_set/vec4 9;
    %flag_get/vec4 9;
    %jmp/0 T_0.4, 9;
    %load/vec4 v0x1055cc120_0;
    %nor/r;
    %and;
T_0.4;
    %flag_set/vec4 8;
    %jmp/0xz  T_0.2, 8;
    %load/vec4 v0x1055cc260_0;
    %assign/vec4 v0x1055c0b80_0, 0;
    %pushi/vec4 0, 0, 32;
    %assign/vec4 v0x1055cc300_0, 0;
    %pushi/vec4 1, 0, 1;
    %assign/vec4 v0x1055cc120_0, 0;
    %pushi/vec4 0, 0, 1;
    %assign/vec4 v0x1055cc440_0, 0;
    %pushi/vec4 0, 0, 5;
    %assign/vec4 v0x1055cbfe0_0, 0;
    %jmp T_0.3;
T_0.2 ;
    %load/vec4 v0x1055cc120_0;
    %flag_set/vec4 8;
    %jmp/0xz  T_0.5, 8;
    %load/vec4 v0x1055cbfe0_0;
    %pad/u 32;
    %cmpi/e 16, 0, 32;
    %jmp/0xz  T_0.7, 4;
    %pushi/vec4 1, 0, 1;
    %assign/vec4 v0x1055cc440_0, 0;
    %pushi/vec4 0, 0, 1;
    %assign/vec4 v0x1055cc120_0, 0;
    %jmp T_0.8;
T_0.7 ;
    %load/vec4 v0x1055c0b80_0;
    %parti/s 1, 0, 2;
    %flag_set/vec4 8;
    %jmp/0xz  T_0.9, 8;
    %load/vec4 v0x1055cc300_0;
    %load/vec4 v0x1055cc1c0_0;
    %pad/u 32;
    %ix/getv 4, v0x1055cbfe0_0;
    %shiftl 4;
    %add;
    %assign/vec4 v0x1055cc300_0, 0;
T_0.9 ;
    %load/vec4 v0x1055c0b80_0;
    %ix/load 4, 1, 0;
    %flag_set/imm 4, 0;
    %shiftr 4;
    %assign/vec4 v0x1055c0b80_0, 0;
    %load/vec4 v0x1055cbfe0_0;
    %addi 1, 0, 5;
    %assign/vec4 v0x1055cbfe0_0, 0;
T_0.8 ;
T_0.5 ;
T_0.3 ;
T_0.1 ;
    %jmp T_0;
    .thread T_0;
    .scope S_0x1055c5cf0;
T_1 ;
    %delay 20000, 0;
    %load/vec4 v0x1055cc4e0_0;
    %inv;
    %store/vec4 v0x1055cc4e0_0, 0, 1;
    %jmp T_1;
    .thread T_1;
    .scope S_0x1055c5cf0;
T_2 ;
    %vpi_call/w 3 27 "$dumpfile", "build/multiplicador.vcd" {0 0 0};
    %vpi_call/w 3 28 "$dumpvars", 32'sb00000000000000000000000000000000, S_0x1055c5cf0 {0 0 0};
    %pushi/vec4 0, 0, 1;
    %store/vec4 v0x1055cc4e0_0, 0, 1;
    %pushi/vec4 0, 0, 1;
    %store/vec4 v0x986c1c1e0_0, 0, 1;
    %pushi/vec4 0, 0, 1;
    %store/vec4 v0x1055cc580_0, 0, 1;
    %pushi/vec4 0, 0, 16;
    %store/vec4 v0x986c1c000_0, 0, 16;
    %pushi/vec4 0, 0, 16;
    %store/vec4 v0x986c1c0a0_0, 0, 16;
    %delay 100000, 0;
    %pushi/vec4 1, 0, 1;
    %store/vec4 v0x986c1c1e0_0, 0, 1;
    %delay 20000, 0;
    %vpi_call/w 3 35 "$display", "--- Test 1: 85 * 51 ---" {0 0 0};
    %pushi/vec4 85, 0, 16;
    %store/vec4 v0x986c1c000_0, 0, 16;
    %pushi/vec4 51, 0, 16;
    %store/vec4 v0x986c1c0a0_0, 0, 16;
    %pushi/vec4 1, 0, 1;
    %store/vec4 v0x1055cc580_0, 0, 1;
    %delay 40000, 0;
    %pushi/vec4 0, 0, 1;
    %store/vec4 v0x1055cc580_0, 0, 1;
T_2.0 ;
    %load/vec4 v0x986c1c280_0;
    %cmpi/ne 1, 0, 1;
    %jmp/0xz T_2.1, 6;
    %wait E_0x987070840;
    %jmp T_2.0;
T_2.1 ;
    %delay 20000, 0;
    %load/vec4 v0x986c1c140_0;
    %cmpi/e 4335, 0, 32;
    %jmp/0xz  T_2.2, 4;
    %vpi_call/w 3 44 "$display", "PAS\303\223: %h", v0x986c1c140_0 {0 0 0};
    %jmp T_2.3;
T_2.2 ;
    %vpi_call/w 3 45 "$error", "FALL\303\223. Esperado: 10EF, Obtenido: %h", v0x986c1c140_0 {0 0 0};
T_2.3 ;
    %delay 100000, 0;
    %vpi_call/w 3 49 "$display", "--- Test 2: Max * Max ---" {0 0 0};
    %pushi/vec4 65535, 0, 16;
    %store/vec4 v0x986c1c000_0, 0, 16;
    %pushi/vec4 65535, 0, 16;
    %store/vec4 v0x986c1c0a0_0, 0, 16;
    %pushi/vec4 1, 0, 1;
    %store/vec4 v0x1055cc580_0, 0, 1;
    %delay 40000, 0;
    %pushi/vec4 0, 0, 1;
    %store/vec4 v0x1055cc580_0, 0, 1;
T_2.4 ;
    %load/vec4 v0x986c1c280_0;
    %cmpi/ne 1, 0, 1;
    %jmp/0xz T_2.5, 6;
    %wait E_0x987070840;
    %jmp T_2.4;
T_2.5 ;
    %delay 20000, 0;
    %load/vec4 v0x986c1c140_0;
    %cmpi/e 4294836225, 0, 32;
    %jmp/0xz  T_2.6, 4;
    %vpi_call/w 3 58 "$display", "PAS\303\223 MAX" {0 0 0};
T_2.6 ;
    %vpi_call/w 3 60 "$finish" {0 0 0};
    %end;
    .thread T_2;
# The file index is used to find the file name in the following table.
:file_names 5;
    "N/A";
    "<interactive>";
    "-";
    "TestBench/multiplicador_TB.sv";
    "src/multiplicador.sv";
