#! /opt/homebrew/Cellar/icarus-verilog/12.0/bin/vvp
:ivl_version "12.0 (stable)";
:ivl_delay_selection "TYPICAL";
:vpi_time_precision - 12;
:vpi_module "/opt/homebrew/Cellar/icarus-verilog/12.0/lib/ivl/system.vpi";
:vpi_module "/opt/homebrew/Cellar/icarus-verilog/12.0/lib/ivl/vhdl_sys.vpi";
:vpi_module "/opt/homebrew/Cellar/icarus-verilog/12.0/lib/ivl/vhdl_textio.vpi";
:vpi_module "/opt/homebrew/Cellar/icarus-verilog/12.0/lib/ivl/v2005_math.vpi";
:vpi_module "/opt/homebrew/Cellar/icarus-verilog/12.0/lib/ivl/va_math.vpi";
:vpi_module "/opt/homebrew/Cellar/icarus-verilog/12.0/lib/ivl/v2009.vpi";
S_0x1039e19f0 .scope package, "$unit" "$unit" 2 1;
 .timescale 0 0;
S_0x1039e1b70 .scope module, "raiz_TB" "raiz_TB" 3 3;
 .timescale -9 -12;
v0x1039e7910_0 .var "clk", 0 0;
v0xb93088000_0 .var "iniciar", 0 0;
v0xb930880a0_0 .var "radicando", 15 0;
v0xb93088140_0 .net "raiz_res", 15 0, v0x1039e75f0_0;  1 drivers
v0xb930881e0_0 .var "rst_n", 0 0;
v0xb93088280_0 .net "terminado", 0 0, v0x1039e77d0_0;  1 drivers
E_0xb93000b40 .event anyedge, v0x1039e77d0_0;
S_0x1039dc990 .scope module, "uut" "raiz" 3 8, 4 1 0, S_0x1039e1b70;
 .timescale 0 0;
    .port_info 0 /INPUT 1 "clk";
    .port_info 1 /INPUT 1 "rst_n";
    .port_info 2 /INPUT 1 "iniciar";
    .port_info 3 /INPUT 16 "radicando";
    .port_info 4 /OUTPUT 16 "raiz_res";
    .port_info 5 /OUTPUT 1 "terminado";
v0x1039dcbb0_0 .net "clk", 0 0, v0x1039e7910_0;  1 drivers
v0x1039e7050_0 .net "iniciar", 0 0, v0xb93088000_0;  1 drivers
v0x1039e70f0_0 .var "ocupado", 0 0;
v0x1039e7190_0 .var "op_actual", 31 0;
v0x1039e7550_0 .net "radicando", 15 0, v0xb930880a0_0;  1 drivers
v0x1039e75f0_0 .var "raiz_res", 15 0;
v0x1039e7690_0 .var "raiz_temp", 15 0;
v0x1039e7730_0 .net "rst_n", 0 0, v0xb930881e0_0;  1 drivers
v0x1039e77d0_0 .var "terminado", 0 0;
v0x1039e7870_0 .var "uno", 15 0;
E_0xb93000b80 .event posedge, v0x1039dcbb0_0;
    .scope S_0x1039dc990;
T_0 ;
    %wait E_0xb93000b80;
    %load/vec4 v0x1039e7730_0;
    %nor/r;
    %flag_set/vec4 8;
    %jmp/0xz  T_0.0, 8;
    %pushi/vec4 0, 0, 1;
    %assign/vec4 v0x1039e77d0_0, 0;
    %pushi/vec4 0, 0, 1;
    %assign/vec4 v0x1039e70f0_0, 0;
    %pushi/vec4 0, 0, 16;
    %assign/vec4 v0x1039e75f0_0, 0;
    %jmp T_0.1;
T_0.0 ;
    %load/vec4 v0x1039e7050_0;
    %flag_set/vec4 9;
    %flag_get/vec4 9;
    %jmp/0 T_0.4, 9;
    %load/vec4 v0x1039e70f0_0;
    %nor/r;
    %and;
T_0.4;
    %flag_set/vec4 8;
    %jmp/0xz  T_0.2, 8;
    %load/vec4 v0x1039e7550_0;
    %pad/u 32;
    %assign/vec4 v0x1039e7190_0, 0;
    %pushi/vec4 0, 0, 16;
    %assign/vec4 v0x1039e7690_0, 0;
    %pushi/vec4 16384, 0, 16;
    %assign/vec4 v0x1039e7870_0, 0;
    %pushi/vec4 1, 0, 1;
    %assign/vec4 v0x1039e70f0_0, 0;
    %pushi/vec4 0, 0, 1;
    %assign/vec4 v0x1039e77d0_0, 0;
    %jmp T_0.3;
T_0.2 ;
    %load/vec4 v0x1039e70f0_0;
    %flag_set/vec4 8;
    %jmp/0xz  T_0.5, 8;
    %load/vec4 v0x1039e7870_0;
    %pad/u 32;
    %cmpi/ne 0, 0, 32;
    %jmp/0xz  T_0.7, 4;
    %load/vec4 v0x1039e7690_0;
    %pad/u 32;
    %load/vec4 v0x1039e7870_0;
    %pad/u 32;
    %add;
    %load/vec4 v0x1039e7190_0;
    %cmp/u;
    %flag_or 5, 4;
    %jmp/0xz  T_0.9, 5;
    %load/vec4 v0x1039e7190_0;
    %load/vec4 v0x1039e7690_0;
    %pad/u 32;
    %load/vec4 v0x1039e7870_0;
    %pad/u 32;
    %add;
    %sub;
    %assign/vec4 v0x1039e7190_0, 0;
    %load/vec4 v0x1039e7690_0;
    %ix/load 4, 1, 0;
    %flag_set/imm 4, 0;
    %shiftr 4;
    %load/vec4 v0x1039e7870_0;
    %add;
    %assign/vec4 v0x1039e7690_0, 0;
    %jmp T_0.10;
T_0.9 ;
    %load/vec4 v0x1039e7690_0;
    %ix/load 4, 1, 0;
    %flag_set/imm 4, 0;
    %shiftr 4;
    %assign/vec4 v0x1039e7690_0, 0;
T_0.10 ;
    %load/vec4 v0x1039e7870_0;
    %ix/load 4, 2, 0;
    %flag_set/imm 4, 0;
    %shiftr 4;
    %assign/vec4 v0x1039e7870_0, 0;
    %jmp T_0.8;
T_0.7 ;
    %load/vec4 v0x1039e7690_0;
    %assign/vec4 v0x1039e75f0_0, 0;
    %pushi/vec4 1, 0, 1;
    %assign/vec4 v0x1039e77d0_0, 0;
    %pushi/vec4 0, 0, 1;
    %assign/vec4 v0x1039e70f0_0, 0;
T_0.8 ;
T_0.5 ;
T_0.3 ;
T_0.1 ;
    %jmp T_0;
    .thread T_0;
    .scope S_0x1039e1b70;
T_1 ;
    %delay 20000, 0;
    %load/vec4 v0x1039e7910_0;
    %inv;
    %store/vec4 v0x1039e7910_0, 0, 1;
    %jmp T_1;
    .thread T_1;
    .scope S_0x1039e1b70;
T_2 ;
    %vpi_call/w 3 16 "$dumpfile", "build/raiz.vcd" {0 0 0};
    %vpi_call/w 3 17 "$dumpvars", 32'sb00000000000000000000000000000000, S_0x1039e1b70 {0 0 0};
    %pushi/vec4 0, 0, 1;
    %store/vec4 v0x1039e7910_0, 0, 1;
    %pushi/vec4 0, 0, 1;
    %store/vec4 v0xb930881e0_0, 0, 1;
    %pushi/vec4 0, 0, 1;
    %store/vec4 v0xb93088000_0, 0, 1;
    %delay 100000, 0;
    %pushi/vec4 1, 0, 1;
    %store/vec4 v0xb930881e0_0, 0, 1;
    %delay 40000, 0;
    %pushi/vec4 144, 0, 16;
    %store/vec4 v0xb930880a0_0, 0, 16;
    %pushi/vec4 1, 0, 1;
    %store/vec4 v0xb93088000_0, 0, 1;
    %delay 40000, 0;
    %pushi/vec4 0, 0, 1;
    %store/vec4 v0xb93088000_0, 0, 1;
T_2.0 ;
    %load/vec4 v0xb93088280_0;
    %cmpi/ne 1, 0, 1;
    %jmp/0xz T_2.1, 6;
    %wait E_0xb93000b40;
    %jmp T_2.0;
T_2.1 ;
    %delay 20000, 0;
    %load/vec4 v0xb93088140_0;
    %pad/u 32;
    %cmpi/e 12, 0, 32;
    %jmp/0xz  T_2.2, 4;
    %vpi_call/w 3 27 "$display", "Raiz(144) PAS\303\223: %d", v0xb93088140_0 {0 0 0};
    %jmp T_2.3;
T_2.2 ;
    %vpi_call/w 3 28 "$error", "FALL\303\223 Raiz(144). Obtenido: %d", v0xb93088140_0 {0 0 0};
T_2.3 ;
    %delay 100000, 0;
    %pushi/vec4 2, 0, 16;
    %store/vec4 v0xb930880a0_0, 0, 16;
    %pushi/vec4 1, 0, 1;
    %store/vec4 v0xb93088000_0, 0, 1;
    %delay 40000, 0;
    %pushi/vec4 0, 0, 1;
    %store/vec4 v0xb93088000_0, 0, 1;
T_2.4 ;
    %load/vec4 v0xb93088280_0;
    %cmpi/ne 1, 0, 1;
    %jmp/0xz T_2.5, 6;
    %wait E_0xb93000b40;
    %jmp T_2.4;
T_2.5 ;
    %delay 20000, 0;
    %load/vec4 v0xb93088140_0;
    %pad/u 32;
    %cmpi/e 1, 0, 32;
    %jmp/0xz  T_2.6, 4;
    %vpi_call/w 3 35 "$display", "Raiz(2) PAS\303\223: %d", v0xb93088140_0 {0 0 0};
T_2.6 ;
    %vpi_call/w 3 37 "$finish" {0 0 0};
    %end;
    .thread T_2;
# The file index is used to find the file name in the following table.
:file_names 5;
    "N/A";
    "<interactive>";
    "-";
    "TestBench/raiz_TB.sv";
    "src/raiz.sv";
